Using pre-set license
Built from '2020.2/release' branch; Version is '2020.2.0f1 (3721df5a8b28) revision 3613151'; Using compiler version '192528614'; Build Type 'Release'
OS: 'Windows 10  (10.0.0) 64bit' Language: 'en' Physical Memory: 7962 MB
BatchMode: 1, IsHumanControllingUs: 0, StartBugReporterOnCrash: 0, Is64bit: 1, IsPro: 0

 COMMAND LINE ARGUMENTS:
C:\Program Files\Unity\Hub\Editor\2020.2.0f1\Editor\Unity.exe
-adb2
-batchMode
-noUpm
-name
AssetImportWorker0
-projectPath
C:/Users/jmcco/Solar System Simulation
-logFile
Logs/AssetImportWorker0.log
-srvPort
56807
Successfully changed project path to: C:/Users/jmcco/Solar System Simulation
C:/Users/jmcco/Solar System Simulation
Using Asset Import Pipeline V2.
Refreshing native plugins compatible for Editor in 34.21 ms, found 0 plugins.
Preloading 0 native plugins for Editor in 0.00 ms.
Initialize engine version: 2020.2.0f1 (3721df5a8b28)
[Subsystems] Discovering subsystems at path C:/Program Files/Unity/Hub/Editor/2020.2.0f1/Editor/Data/Resources/UnitySubsystems
[Subsystems] Discovering subsystems at path C:/Users/jmcco/Solar System Simulation/Assets
GfxDevice: creating device client; threaded=0
Direct3D:
    Version:  Direct3D 11.0 [level 11.1]
    Renderer: NVIDIA GeForce GTX 1660 Ti with Max-Q Design (ID=0x2191)
    Vendor:   
    VRAM:     5991 MB
    Driver:   27.21.14.6089
Initialize mono
Mono path[0] = 'C:/Program Files/Unity/Hub/Editor/2020.2.0f1/Editor/Data/Managed'
Mono path[1] = 'C:/Program Files/Unity/Hub/Editor/2020.2.0f1/Editor/Data/MonoBleedingEdge/lib/mono/unityjit'
Mono config path = 'C:/Program Files/Unity/Hub/Editor/2020.2.0f1/Editor/Data/MonoBleedingEdge/etc'
Using monoOptions --debugger-agent=transport=dt_socket,embedding=1,server=y,suspend=n,address=127.0.0.1:56848
Begin MonoManager ReloadAssembly
Registering precompiled unity dll's ...
Register platform support module: C:/Program Files/Unity/Hub/Editor/2020.2.0f1/Editor/Data/PlaybackEngines/WebGLSupport/UnityEditor.WebGL.Extensions.dll
Register platform support module: C:/Program Files/Unity/Hub/Editor/2020.2.0f1/Editor/Data/PlaybackEngines/WindowsStandaloneSupport/UnityEditor.WindowsStandalone.Extensions.dll
Registered in 0.003308 seconds.
Native extension for WindowsStandalone target not found
Native extension for WebGL target not found
Refreshing native plugins compatible for Editor in 47.06 ms, found 0 plugins.
Preloading 0 native plugins for Editor in 0.00 ms.
Invoked RoslynAnalysisRunner static constructor.
RoslynAnalysisRunner will not be running.
RoslynAnalysisRunner has terminated.
Mono: successfully reloaded assembly
- Completed reload, in  2.669 seconds
Platform modules already initialized, skipping
Registering precompiled user dll's ...
Registered in 0.000933 seconds.
Begin MonoManager ReloadAssembly
Native extension for WindowsStandalone target not found
Native extension for WebGL target not found
Refreshing native plugins compatible for Editor in 0.26 ms, found 0 plugins.
Preloading 0 native plugins for Editor in 0.00 ms.
Invoked RoslynAnalysisRunner static constructor.
RoslynAnalysisRunner will not be running.
RoslynAnalysisRunner has terminated.
Mono: successfully reloaded assembly
- Completed reload, in  1.284 seconds
Platform modules already initialized, skipping
========================================================================
Worker process is ready to serve import requests
Launched and connected shader compiler UnityShaderCompiler.exe after 0.04 seconds
Refreshing native plugins compatible for Editor in 0.23 ms, found 0 plugins.
Preloading 0 native plugins for Editor in 0.00 ms.
Unloading 1097 Unused Serialized files (Serialized files now loaded: 0)
System memory in use before: 56.7 MB.
System memory in use after: 56.7 MB.

Unloading 10 unused Assets to reduce memory usage. Loaded Objects now: 1539.
Total: 2.078600 ms (FindLiveObjects: 0.190200 ms CreateObjectMapping: 0.067600 ms MarkObjects: 1.740600 ms  DeleteObjects: 0.078200 ms)

========================================================================
Received Import Request.
  path: Assets/Sounds/dronehum.aif
  artifactKey: Guid(98ca2d215e301c64283be41849165e21) Importer(815301076,1909f56bfc062723c751e8b465ee728b)
Start importing Assets/Sounds/dronehum.aif using Guid(98ca2d215e301c64283be41849165e21) Importer(815301076,1909f56bfc062723c751e8b465ee728b)  -> (artifact id: '8208eef9e61122455889d5c58e8ec290') in 0.126349 seconds
  Import took 0.129564 seconds .

========================================================================
Received Import Request.
  Time since last request: 0.000315 seconds.
  path: Assets/Sounds/dronedarkandscary.aif
  artifactKey: Guid(2161ba575f0c4ab44a6cff342e221d41) Importer(815301076,1909f56bfc062723c751e8b465ee728b)
Start importing Assets/Sounds/dronedarkandscary.aif using Guid(2161ba575f0c4ab44a6cff342e221d41) Importer(815301076,1909f56bfc062723c751e8b465ee728b)  -> (artifact id: '4a99302c77538304cc6fd2a10f9f9138') in 0.011403 seconds
  Import took 0.013747 seconds .

========================================================================
Received Import Request.
  Time since last request: 0.000384 seconds.
  path: Assets/Sounds/burning.aif
  artifactKey: Guid(1e4f84dcce8a3354783d3147048df448) Importer(815301076,1909f56bfc062723c751e8b465ee728b)
Start importing Assets/Sounds/burning.aif using Guid(1e4f84dcce8a3354783d3147048df448) Importer(815301076,1909f56bfc062723c751e8b465ee728b)  -> (artifact id: 'b2e6cf308a42d1d53cdba2b1c3c5fa97') in 0.011577 seconds
  Import took 0.014352 seconds .

========================================================================
Received Prepare
Registering precompiled user dll's ...
Registered in 0.000915 seconds.
Begin MonoManager ReloadAssembly
Native extension for WindowsStandalone target not found
Native extension for WebGL target not found
Refreshing native plugins compatible for Editor in 0.34 ms, found 0 plugins.
Preloading 0 native plugins for Editor in 0.00 ms.
Invoked RoslynAnalysisRunner static constructor.
RoslynAnalysisRunner will not be running.
RoslynAnalysisRunner has terminated.
Mono: successfully reloaded assembly
- Completed reload, in  1.228 seconds
Platform modules already initialized, skipping
Refreshing native plugins compatible for Editor in 0.25 ms, found 0 plugins.
Preloading 0 native plugins for Editor in 0.00 ms.
Unloading 1092 Unused Serialized files (Serialized files now loaded: 0)
System memory in use before: 59.9 MB.
System memory in use after: 60.0 MB.

Unloading 5 unused Assets to reduce memory usage. Loaded Objects now: 1550.
Total: 2.211000 ms (FindLiveObjects: 0.227100 ms CreateObjectMapping: 0.083400 ms MarkObjects: 1.840800 ms  DeleteObjects: 0.056900 ms)

========================================================================
Received Prepare
Registering precompiled user dll's ...
Registered in 0.001131 seconds.
Begin MonoManager ReloadAssembly
Native extension for WindowsStandalone target not found
Native extension for WebGL target not found
Refreshing native plugins compatible for Editor in 0.26 ms, found 0 plugins.
Preloading 0 native plugins for Editor in 0.00 ms.
Invoked RoslynAnalysisRunner static constructor.
RoslynAnalysisRunner will not be running.
RoslynAnalysisRunner has terminated.
Mono: successfully reloaded assembly
- Completed reload, in  1.048 seconds
Platform modules already initialized, skipping
Refreshing native plugins compatible for Editor in 0.23 ms, found 0 plugins.
Preloading 0 native plugins for Editor in 0.00 ms.
Unloading 1092 Unused Serialized files (Serialized files now loaded: 0)
System memory in use before: 60.1 MB.
System memory in use after: 60.2 MB.

Unloading 5 unused Assets to reduce memory usage. Loaded Objects now: 1552.
Total: 2.221600 ms (FindLiveObjects: 0.279400 ms CreateObjectMapping: 0.156900 ms MarkObjects: 1.729400 ms  DeleteObjects: 0.054200 ms)

========================================================================
Received Prepare
Registering precompiled user dll's ...
Registered in 0.001322 seconds.
Begin MonoManager ReloadAssembly
Native extension for WindowsStandalone target not found
Native extension for WebGL target not found
Refreshing native plugins compatible for Editor in 0.24 ms, found 0 plugins.
Preloading 0 native plugins for Editor in 0.00 ms.
Invoked RoslynAnalysisRunner static constructor.
RoslynAnalysisRunner will not be running.
RoslynAnalysisRunner has terminated.
Mono: successfully reloaded assembly
- Completed reload, in  1.615 seconds
Platform modules already initialized, skipping
Refreshing native plugins compatible for Editor in 0.23 ms, found 0 plugins.
Preloading 0 native plugins for Editor in 0.00 ms.
Unloading 1092 Unused Serialized files (Serialized files now loaded: 0)
System memory in use before: 60.3 MB.
System memory in use after: 60.4 MB.

Unloading 5 unused Assets to reduce memory usage. Loaded Objects now: 1554.
Total: 2.007700 ms (FindLiveObjects: 0.189100 ms CreateObjectMapping: 0.055700 ms MarkObjects: 1.708900 ms  DeleteObjects: 0.051400 ms)

========================================================================
Received Prepare
Registering precompiled user dll's ...
Registered in 0.000946 seconds.
Begin MonoManager ReloadAssembly
Native extension for WindowsStandalone target not found
Native extension for WebGL target not found
Refreshing native plugins compatible for Editor in 0.23 ms, found 0 plugins.
Preloading 0 native plugins for Editor in 0.00 ms.
Invoked RoslynAnalysisRunner static constructor.
RoslynAnalysisRunner will not be running.
RoslynAnalysisRunner has terminated.
Mono: successfully reloaded assembly
- Completed reload, in  1.294 seconds
Platform modules already initialized, skipping
Refreshing native plugins compatible for Editor in 0.31 ms, found 0 plugins.
Preloading 0 native plugins for Editor in 0.00 ms.
Unloading 1092 Unused Serialized files (Serialized files now loaded: 0)
System memory in use before: 60.5 MB.
System memory in use after: 60.5 MB.

Unloading 5 unused Assets to reduce memory usage. Loaded Objects now: 1556.
Total: 2.612400 ms (FindLiveObjects: 0.156800 ms CreateObjectMapping: 0.042400 ms MarkObjects: 2.348800 ms  DeleteObjects: 0.062500 ms)

========================================================================
Received Prepare
Registering precompiled user dll's ...
Registered in 0.001077 seconds.
Begin MonoManager ReloadAssembly
Native extension for WindowsStandalone target not found
Native extension for WebGL target not found
Refreshing native plugins compatible for Editor in 0.27 ms, found 0 plugins.
Preloading 0 native plugins for Editor in 0.00 ms.
Invoked RoslynAnalysisRunner static constructor.
RoslynAnalysisRunner will not be running.
RoslynAnalysisRunner has terminated.
Mono: successfully reloaded assembly
- Completed reload, in  1.178 seconds
Platform modules already initialized, skipping
Refreshing native plugins compatible for Editor in 0.25 ms, found 0 plugins.
Preloading 0 native plugins for Editor in 0.00 ms.
Unloading 1092 Unused Serialized files (Serialized files now loaded: 0)
System memory in use before: 60.6 MB.
System memory in use after: 60.7 MB.

Unloading 5 unused Assets to reduce memory usage. Loaded Objects now: 1558.
Total: 2.450700 ms (FindLiveObjects: 0.337000 ms CreateObjectMapping: 0.122400 ms MarkObjects: 1.928200 ms  DeleteObjects: 0.060900 ms)

========================================================================
Received Prepare
Registering precompiled user dll's ...
Registered in 0.001002 seconds.
Begin MonoManager ReloadAssembly
Native extension for WindowsStandalone target not found
Native extension for WebGL target not found
Refreshing native plugins compatible for Editor in 0.26 ms, found 0 plugins.
Preloading 0 native plugins for Editor in 0.00 ms.
Invoked RoslynAnalysisRunner static constructor.
RoslynAnalysisRunner will not be running.
RoslynAnalysisRunner has terminated.
Mono: successfully reloaded assembly
- Completed reload, in  1.173 seconds
Platform modules already initialized, skipping
Refreshing native plugins compatible for Editor in 0.24 ms, found 0 plugins.
Preloading 0 native plugins for Editor in 0.00 ms.
Unloading 1092 Unused Serialized files (Serialized files now loaded: 0)
System memory in use before: 60.8 MB.
System memory in use after: 60.9 MB.

Unloading 5 unused Assets to reduce memory usage. Loaded Objects now: 1560.
Total: 2.026700 ms (FindLiveObjects: 0.154500 ms CreateObjectMapping: 0.046200 ms MarkObjects: 1.772900 ms  DeleteObjects: 0.051700 ms)

========================================================================
Received Import Request.
  Time since last request: 1937.225560 seconds.
  path: Assets/Scripts/ChangeLookAtTarget.cs
  artifactKey: Guid(ee7b3c6eb0088434b88b241c20da0727) Importer(815301076,1909f56bfc062723c751e8b465ee728b)
Start importing Assets/Scripts/ChangeLookAtTarget.cs using Guid(ee7b3c6eb0088434b88b241c20da0727) Importer(815301076,1909f56bfc062723c751e8b465ee728b)  -> (artifact id: '9ab83ea5cc2bc2cca778b0e091f24608') in 0.017628 seconds
  Import took 0.021706 seconds .

========================================================================
Received Prepare
Registering precompiled user dll's ...
Registered in 0.000950 seconds.
Begin MonoManager ReloadAssembly
Native extension for WindowsStandalone target not found
Native extension for WebGL target not found
Refreshing native plugins compatible for Editor in 0.25 ms, found 0 plugins.
Preloading 0 native plugins for Editor in 0.00 ms.
Invoked RoslynAnalysisRunner static constructor.
RoslynAnalysisRunner will not be running.
RoslynAnalysisRunner has terminated.
Mono: successfully reloaded assembly
- Completed reload, in  1.096 seconds
Platform modules already initialized, skipping
Refreshing native plugins compatible for Editor in 0.30 ms, found 0 plugins.
Preloading 0 native plugins for Editor in 0.00 ms.
Unloading 1092 Unused Serialized files (Serialized files now loaded: 0)
System memory in use before: 61.0 MB.
System memory in use after: 61.1 MB.

Unloading 5 unused Assets to reduce memory usage. Loaded Objects now: 1562.
Total: 2.229300 ms (FindLiveObjects: 0.163100 ms CreateObjectMapping: 0.042000 ms MarkObjects: 1.893700 ms  DeleteObjects: 0.128100 ms)

========================================================================
Received Prepare
Registering precompiled user dll's ...
Registered in 0.001033 seconds.
Begin MonoManager ReloadAssembly
Native extension for WindowsStandalone target not found
Native extension for WebGL target not found
Refreshing native plugins compatible for Editor in 0.24 ms, found 0 plugins.
Preloading 0 native plugins for Editor in 0.00 ms.
Invoked RoslynAnalysisRunner static constructor.
RoslynAnalysisRunner will not be running.
RoslynAnalysisRunner has terminated.
Mono: successfully reloaded assembly
- Completed reload, in  1.898 seconds
Platform modules already initialized, skipping
Refreshing native plugins compatible for Editor in 0.27 ms, found 0 plugins.
Preloading 0 native plugins for Editor in 0.00 ms.
Unloading 1095 Unused Serialized files (Serialized files now loaded: 0)
System memory in use before: 61.2 MB.
System memory in use after: 61.3 MB.

Unloading 5 unused Assets to reduce memory usage. Loaded Objects now: 1564.
Total: 2.147200 ms (FindLiveObjects: 0.175300 ms CreateObjectMapping: 0.049000 ms MarkObjects: 1.865200 ms  DeleteObjects: 0.056400 ms)

========================================================================
Received Prepare
Refreshing native plugins compatible for Editor in 1.22 ms, found 0 plugins.
Preloading 0 native plugins for Editor in 0.00 ms.
Unloading 3 Unused Serialized files (Serialized files now loaded: 0)
System memory in use before: 39.7 MB.
System memory in use after: 39.8 MB.

Unloading 3 unused Assets to reduce memory usage. Loaded Objects now: 1564.
Total: 4.594000 ms (FindLiveObjects: 0.412600 ms CreateObjectMapping: 0.206700 ms MarkObjects: 3.831700 ms  DeleteObjects: 0.139600 ms)

========================================================================
Received Prepare
Refreshing native plugins compatible for Editor in 1.06 ms, found 0 plugins.
Preloading 0 native plugins for Editor in 0.00 ms.
Unloading 3 Unused Serialized files (Serialized files now loaded: 0)
System memory in use before: 39.9 MB.
System memory in use after: 40.0 MB.

Unloading 3 unused Assets to reduce memory usage. Loaded Objects now: 1564.
Total: 4.439900 ms (FindLiveObjects: 0.537700 ms CreateObjectMapping: 0.145200 ms MarkObjects: 3.675400 ms  DeleteObjects: 0.079100 ms)

========================================================================
Received Prepare
Registering precompiled user dll's ...
Registered in 0.000894 seconds.
Begin MonoManager ReloadAssembly
Native extension for WindowsStandalone target not found
Native extension for WebGL target not found
Refreshing native plugins compatible for Editor in 0.41 ms, found 0 plugins.
Preloading 0 native plugins for Editor in 0.00 ms.
Invoked RoslynAnalysisRunner static constructor.
RoslynAnalysisRunner will not be running.
RoslynAnalysisRunner has terminated.
Mono: successfully reloaded assembly
- Completed reload, in  1.102 seconds
Platform modules already initialized, skipping
Refreshing native plugins compatible for Editor in 0.53 ms, found 0 plugins.
Preloading 0 native plugins for Editor in 0.00 ms.
Unloading 1095 Unused Serialized files (Serialized files now loaded: 0)
System memory in use before: 61.8 MB.
System memory in use after: 61.9 MB.

Unloading 5 unused Assets to reduce memory usage. Loaded Objects now: 1566.
Total: 3.213500 ms (FindLiveObjects: 0.448800 ms CreateObjectMapping: 0.107500 ms MarkObjects: 2.579900 ms  DeleteObjects: 0.074400 ms)

========================================================================
Received Prepare
Refreshing native plugins compatible for Editor in 1.36 ms, found 0 plugins.
Preloading 0 native plugins for Editor in 0.00 ms.
Unloading 3 Unused Serialized files (Serialized files now loaded: 0)
System memory in use before: 39.5 MB.
System memory in use after: 39.6 MB.

Unloading 3 unused Assets to reduce memory usage. Loaded Objects now: 1566.
Total: 2.522300 ms (FindLiveObjects: 0.202000 ms CreateObjectMapping: 0.068400 ms MarkObjects: 2.179600 ms  DeleteObjects: 0.070000 ms)

========================================================================
Received Prepare
Refreshing native plugins compatible for Editor in 0.93 ms, found 0 plugins.
Preloading 0 native plugins for Editor in 0.00 ms.
Unloading 3 Unused Serialized files (Serialized files now loaded: 0)
System memory in use before: 39.8 MB.
System memory in use after: 39.9 MB.

Unloading 3 unused Assets to reduce memory usage. Loaded Objects now: 1566.
Total: 5.941000 ms (FindLiveObjects: 0.278100 ms CreateObjectMapping: 0.137300 ms MarkObjects: 5.439700 ms  DeleteObjects: 0.084100 ms)

========================================================================
Received Import Request.
  Time since last request: 6667.289396 seconds.
  path: Assets/Textures/earthmap1k.jpg
  artifactKey: Guid(ab4a98f47ed5b9141a61ccc58f124b8b) Importer(815301076,1909f56bfc062723c751e8b465ee728b)
Start importing Assets/Textures/earthmap1k.jpg using Guid(ab4a98f47ed5b9141a61ccc58f124b8b) Importer(815301076,1909f56bfc062723c751e8b465ee728b)  -> (artifact id: 'c2e9c210bcac2f721f2dbf0902fab2f4') in 0.053739 seconds
  Import took 0.056114 seconds .

========================================================================
Received Import Request.
  Time since last request: 0.000179 seconds.
  path: Assets/Textures/mars_1k_color.jpg
  artifactKey: Guid(cb69e4deb4099ac4da6f3ac1a3b5ecf1) Importer(815301076,1909f56bfc062723c751e8b465ee728b)
Start importing Assets/Textures/mars_1k_color.jpg using Guid(cb69e4deb4099ac4da6f3ac1a3b5ecf1) Importer(815301076,1909f56bfc062723c751e8b465ee728b)  -> (artifact id: '051e3b2675f2557f0dee801b32b0af76') in 0.007165 seconds
  Import took 0.008906 seconds .

========================================================================
Received Import Request.
  Time since last request: 0.000179 seconds.
  path: Assets/Textures/mercurymap.jpg
  artifactKey: Guid(7fdaf41f5316b6e438f2816cdeda897c) Importer(815301076,1909f56bfc062723c751e8b465ee728b)
Start importing Assets/Textures/mercurymap.jpg using Guid(7fdaf41f5316b6e438f2816cdeda897c) Importer(815301076,1909f56bfc062723c751e8b465ee728b)  -> (artifact id: '8f78157b26850afd75a0390fd572f806') in 0.007802 seconds
  Import took 0.009471 seconds .

========================================================================
Received Import Request.
  Time since last request: 0.000173 seconds.
  path: Assets/Textures/neptunemap.jpg
  artifactKey: Guid(01b2d57f3d87c9a48bfb286fd2fdb6df) Importer(815301076,1909f56bfc062723c751e8b465ee728b)
Start importing Assets/Textures/neptunemap.jpg using Guid(01b2d57f3d87c9a48bfb286fd2fdb6df) Importer(815301076,1909f56bfc062723c751e8b465ee728b)  -> (artifact id: 'e437441c3e9442732fe9e035a65e94c6') in 0.009717 seconds
  Import took 0.011393 seconds .

========================================================================
Received Import Request.
  Time since last request: 0.000180 seconds.
  path: Assets/Textures/moonmap1k.jpg
  artifactKey: Guid(23926c2f9b96bc44997563229cfeb5dc) Importer(815301076,1909f56bfc062723c751e8b465ee728b)
Start importing Assets/Textures/moonmap1k.jpg using Guid(23926c2f9b96bc44997563229cfeb5dc) Importer(815301076,1909f56bfc062723c751e8b465ee728b)  -> (artifact id: '04ac58f1e4e823eccf7675ef0d0f8b60') in 0.008688 seconds
  Import took 0.010746 seconds .

========================================================================
Received Import Request.
  Time since last request: 0.000146 seconds.
  path: Assets/Textures/jupitermap.jpg
  artifactKey: Guid(be8de7094ab5cfa4b8efb77ce81c20ab) Importer(815301076,1909f56bfc062723c751e8b465ee728b)
Start importing Assets/Textures/jupitermap.jpg using Guid(be8de7094ab5cfa4b8efb77ce81c20ab) Importer(815301076,1909f56bfc062723c751e8b465ee728b)  -> (artifact id: '6f77bebec280630cdf142a6c3c3e7ab7') in 0.008540 seconds
  Import took 0.011024 seconds .

========================================================================
Received Import Request.
  Time since last request: 82.145152 seconds.
  path: Assets/Textures/plutomap1k.jpg
  artifactKey: Guid(653948f7fa204e943a765c03d2cc6c41) Importer(815301076,1909f56bfc062723c751e8b465ee728b)
Start importing Assets/Textures/plutomap1k.jpg using Guid(653948f7fa204e943a765c03d2cc6c41) Importer(815301076,1909f56bfc062723c751e8b465ee728b)  -> (artifact id: 'f52cbb154204aa588c459f56808c4904') in 0.017420 seconds
  Import took 0.019901 seconds .

========================================================================
Received Import Request.
  Time since last request: 0.919403 seconds.
  path: Assets/Textures/saturnmap.jpg
  artifactKey: Guid(7863756a69bfe6a4490d5db621df458f) Importer(815301076,1909f56bfc062723c751e8b465ee728b)
Start importing Assets/Textures/saturnmap.jpg using Guid(7863756a69bfe6a4490d5db621df458f) Importer(815301076,1909f56bfc062723c751e8b465ee728b)  -> (artifact id: '98621470cf0e588ad01bce9cf3f26316') in 0.016538 seconds
  Import took 0.018669 seconds .

========================================================================
Received Import Request.
  Time since last request: 0.036306 seconds.
  path: Assets/Textures/space.jpg
  artifactKey: Guid(f34ded36fe6d5fa4aa508e4b06df54c5) Importer(815301076,1909f56bfc062723c751e8b465ee728b)
Start importing Assets/Textures/space.jpg using Guid(f34ded36fe6d5fa4aa508e4b06df54c5) Importer(815301076,1909f56bfc062723c751e8b465ee728b)  -> (artifact id: 'f2fb3fcb0d91613c799b0c803e726834') in 0.008770 seconds
  Import took 0.010879 seconds .

========================================================================
Received Import Request.
  Time since last request: 187.191666 seconds.
  path: Assets/Textures/Sun-icon.png
  artifactKey: Guid(0e18bc78d4aee9a47908677aeca689af) Importer(815301076,1909f56bfc062723c751e8b465ee728b)
Start importing Assets/Textures/Sun-icon.png using Guid(0e18bc78d4aee9a47908677aeca689af) Importer(815301076,1909f56bfc062723c751e8b465ee728b)  -> (artifact id: '047d4ac863c09ffcbae122c37dcc43c7') in 0.016205 seconds
  Import took 0.018850 seconds .

========================================================================
Received Import Request.
  Time since last request: 3.766894 seconds.
  path: Assets/Textures/sunmap.jpg
  artifactKey: Guid(3ff959788be72a74ab08049728d25202) Importer(815301076,1909f56bfc062723c751e8b465ee728b)
Start importing Assets/Textures/sunmap.jpg using Guid(3ff959788be72a74ab08049728d25202) Importer(815301076,1909f56bfc062723c751e8b465ee728b)  -> (artifact id: 'a6d6dc1da93f16ecc0e2817714c5a3ff') in 0.012516 seconds
  Import took 0.014924 seconds .

========================================================================
Received Import Request.
  Time since last request: 0.039575 seconds.
  path: Assets/Textures/uranusmap.jpg
  artifactKey: Guid(2da9fdd89a3969a4f83bfd7ea13e21c3) Importer(815301076,1909f56bfc062723c751e8b465ee728b)
Start importing Assets/Textures/uranusmap.jpg using Guid(2da9fdd89a3969a4f83bfd7ea13e21c3) Importer(815301076,1909f56bfc062723c751e8b465ee728b)  -> (artifact id: '29f49d0fe8ced6c1a70c23eab62e3766') in 0.009085 seconds
  Import took 0.011215 seconds .

========================================================================
Received Import Request.
  Time since last request: 0.006417 seconds.
  path: Assets/Textures/venusmap.jpg
  artifactKey: Guid(ebce5e18a20f9584bba9d464b9a22023) Importer(815301076,1909f56bfc062723c751e8b465ee728b)
Start importing Assets/Textures/venusmap.jpg using Guid(ebce5e18a20f9584bba9d464b9a22023) Importer(815301076,1909f56bfc062723c751e8b465ee728b)  -> (artifact id: '9c62a882dd6ed9dc6323dabbb8818d69') in 0.008079 seconds
  Import took 0.010697 seconds .

========================================================================
Received Prepare
Registering precompiled user dll's ...
Registered in 0.000579 seconds.
Begin MonoManager ReloadAssembly
Native extension for WindowsStandalone target not found
Native extension for WebGL target not found
Refreshing native plugins compatible for Editor in 0.18 ms, found 0 plugins.
Preloading 0 native plugins for Editor in 0.00 ms.
Invoked RoslynAnalysisRunner static constructor.
RoslynAnalysisRunner will not be running.
RoslynAnalysisRunner has terminated.
Mono: successfully reloaded assembly
- Completed reload, in  0.641 seconds
Platform modules already initialized, skipping
Refreshing native plugins compatible for Editor in 0.18 ms, found 0 plugins.
Preloading 0 native plugins for Editor in 0.00 ms.
Unloading 1092 Unused Serialized files (Serialized files now loaded: 0)
System memory in use before: 61.6 MB.
System memory in use after: 61.7 MB.

Unloading 5 unused Assets to reduce memory usage. Loaded Objects now: 1570.
Total: 1.378500 ms (FindLiveObjects: 0.190400 ms CreateObjectMapping: 0.069100 ms MarkObjects: 1.079300 ms  DeleteObjects: 0.038700 ms)

========================================================================
Received Prepare
Registering precompiled user dll's ...
Registered in 0.000560 seconds.
Begin MonoManager ReloadAssembly
Native extension for WindowsStandalone target not found
Native extension for WebGL target not found
Refreshing native plugins compatible for Editor in 0.19 ms, found 0 plugins.
Preloading 0 native plugins for Editor in 0.00 ms.
Invoked RoslynAnalysisRunner static constructor.
RoslynAnalysisRunner will not be running.
RoslynAnalysisRunner has terminated.
Mono: successfully reloaded assembly
- Completed reload, in  0.620 seconds
Platform modules already initialized, skipping
Refreshing native plugins compatible for Editor in 0.18 ms, found 0 plugins.
Preloading 0 native plugins for Editor in 0.00 ms.
Unloading 1092 Unused Serialized files (Serialized files now loaded: 0)
System memory in use before: 61.8 MB.
System memory in use after: 61.9 MB.

Unloading 5 unused Assets to reduce memory usage. Loaded Objects now: 1572.
Total: 1.460100 ms (FindLiveObjects: 0.139200 ms CreateObjectMapping: 0.034800 ms MarkObjects: 1.238600 ms  DeleteObjects: 0.046100 ms)

========================================================================
Received Prepare
Refreshing native plugins compatible for Editor in 0.65 ms, found 0 plugins.
Preloading 0 native plugins for Editor in 0.00 ms.
Unloading 3 Unused Serialized files (Serialized files now loaded: 0)
System memory in use before: 39.5 MB.
System memory in use after: 39.6 MB.

Unloading 3 unused Assets to reduce memory usage. Loaded Objects now: 1572.
Total: 1.433300 ms (FindLiveObjects: 0.188600 ms CreateObjectMapping: 0.071900 ms MarkObjects: 1.133300 ms  DeleteObjects: 0.038500 ms)

========================================================================
Received Prepare
Refreshing native plugins compatible for Editor in 0.58 ms, found 0 plugins.
Preloading 0 native plugins for Editor in 0.00 ms.
Unloading 3 Unused Serialized files (Serialized files now loaded: 0)
System memory in use before: 39.8 MB.
System memory in use after: 39.9 MB.

Unloading 3 unused Assets to reduce memory usage. Loaded Objects now: 1572.
Total: 2.611000 ms (FindLiveObjects: 0.252500 ms CreateObjectMapping: 0.099100 ms MarkObjects: 2.162900 ms  DeleteObjects: 0.091800 ms)

========================================================================
Received Prepare
Refreshing native plugins compatible for Editor in 0.58 ms, found 0 plugins.
Preloading 0 native plugins for Editor in 0.00 ms.
Unloading 3 Unused Serialized files (Serialized files now loaded: 0)
System memory in use before: 40.0 MB.
System memory in use after: 40.1 MB.

Unloading 3 unused Assets to reduce memory usage. Loaded Objects now: 1572.
Total: 2.137500 ms (FindLiveObjects: 0.150600 ms CreateObjectMapping: 0.054500 ms MarkObjects: 1.850600 ms  DeleteObjects: 0.080500 ms)

========================================================================
Received Prepare
Refreshing native plugins compatible for Editor in 0.64 ms, found 0 plugins.
Preloading 0 native plugins for Editor in 0.00 ms.
Unloading 3 Unused Serialized files (Serialized files now loaded: 0)
System memory in use before: 40.2 MB.
System memory in use after: 40.3 MB.

Unloading 3 unused Assets to reduce memory usage. Loaded Objects now: 1572.
Total: 2.286300 ms (FindLiveObjects: 0.257000 ms CreateObjectMapping: 0.081100 ms MarkObjects: 1.861400 ms  DeleteObjects: 0.084700 ms)

========================================================================
Received Prepare
Registering precompiled user dll's ...
Registered in 0.000551 seconds.
Begin MonoManager ReloadAssembly
Native extension for WindowsStandalone target not found
Native extension for WebGL target not found
Refreshing native plugins compatible for Editor in 0.18 ms, found 0 plugins.
Preloading 0 native plugins for Editor in 0.00 ms.
Invoked RoslynAnalysisRunner static constructor.
RoslynAnalysisRunner will not be running.
RoslynAnalysisRunner has terminated.
Mono: successfully reloaded assembly
- Completed reload, in  0.625 seconds
Platform modules already initialized, skipping
Refreshing native plugins compatible for Editor in 0.32 ms, found 0 plugins.
Preloading 0 native plugins for Editor in 0.00 ms.
Unloading 1092 Unused Serialized files (Serialized files now loaded: 0)
System memory in use before: 61.1 MB.
System memory in use after: 61.2 MB.

Unloading 5 unused Assets to reduce memory usage. Loaded Objects now: 1574.
Total: 1.911800 ms (FindLiveObjects: 0.186700 ms CreateObjectMapping: 0.035100 ms MarkObjects: 1.596100 ms  DeleteObjects: 0.092100 ms)

========================================================================
Received Prepare
Refreshing native plugins compatible for Editor in 0.65 ms, found 0 plugins.
Preloading 0 native plugins for Editor in 0.00 ms.
Unloading 3 Unused Serialized files (Serialized files now loaded: 0)
System memory in use before: 39.8 MB.
System memory in use after: 39.9 MB.

Unloading 3 unused Assets to reduce memory usage. Loaded Objects now: 1574.
Total: 1.424500 ms (FindLiveObjects: 0.152200 ms CreateObjectMapping: 0.048400 ms MarkObjects: 1.183600 ms  DeleteObjects: 0.039300 ms)

AssetImportWorkerClient::OnTransportError - code=2 error=End of file
